<?xml version="1.0" encoding="UTF-8" ?>
<testsuite errors="0" failures="0" hostname="BLNB0002" name="ch.grisu118.diestaemme.foundenemy.business.IO.InputParserTest" tests="1" time="0.097" timestamp="2014-04-16T08:07:54">
  <properties>
    <property name="java.vendor" value="Oracle Corporation" />
    <property name="lib.dir" value="C:\Users\benjamin\git\Grisu118\DS-found-enemy\DS-Found-Enemy/lib" />
    <property name="log.dir" value="C:\Users\benjamin\git\Grisu118\DS-found-enemy\DS-Found-Enemy/log" />
    <property name="sun.java.launcher" value="SUN_STANDARD" />
    <property name="sun.management.compiler" value="HotSpot 64-Bit Tiered Compilers" />
    <property name="log.report.test.dir" value="C:\Users\benjamin\git\Grisu118\DS-found-enemy\DS-Found-Enemy/log/report/test" />
    <property name="os.name" value="Windows 7" />
    <property name="sun.boot.class.path" value="C:\Program Files\Java\jdk1.7.0_51\jre\lib\resources.jar;C:\Program Files\Java\jdk1.7.0_51\jre\lib\rt.jar;C:\Program Files\Java\jdk1.7.0_51\jre\lib\sunrsasign.jar;C:\Program Files\Java\jdk1.7.0_51\jre\lib\jsse.jar;C:\Program Files\Java\jdk1.7.0_51\jre\lib\jce.jar;C:\Program Files\Java\jdk1.7.0_51\jre\lib\charsets.jar;C:\Program Files\Java\jdk1.7.0_51\jre\lib\jfr.jar;C:\Program Files\Java\jdk1.7.0_51\jre\classes" />
    <property name="sun.desktop" value="windows" />
    <property name="java.vm.specification.vendor" value="Oracle Corporation" />
    <property name="ant.home" value="C:\Program Files\eclipse-privat\plugins\org.apache.ant_1.8.4.v201303080030" />
    <property name="java.runtime.version" value="1.7.0_51-b13" />
    <property name="ant.file.type.DS Found Enemy" value="file" />
    <property name="res.dir" value="C:\Users\benjamin\git\Grisu118\DS-found-enemy\DS-Found-Enemy/res" />
    <property name="user.name" value="benjamin" />
    <property name="build.dir" value="C:\Users\benjamin\git\Grisu118\DS-found-enemy\DS-Found-Enemy/build" />
    <property name="user.language" value="de" />
    <property name="sun.boot.library.path" value="C:\Program Files\Java\jdk1.7.0_51\jre\bin" />
    <property name="ant.project.default-target" value="compile" />
    <property name="doc.dir" value="C:\Users\benjamin\git\Grisu118\DS-found-enemy\DS-Found-Enemy/doc" />
    <property name="ant.project.name" value="DS Found Enemy" />
    <property name="java.version" value="1.7.0_51" />
    <property name="l4j.dir" value="C:\Users\benjamin\git\Grisu118\DS-found-enemy\DS-Found-Enemy/build/l4j" />
    <property name="version" value="0.1" />
    <property name="user.timezone" value="" />
    <property name="sun.arch.data.model" value="64" />
    <property name="bin.classes.dir" value="C:\Users\benjamin\git\Grisu118\DS-found-enemy\DS-Found-Enemy/bin/classes" />
    <property name="java.endorsed.dirs" value="C:\Program Files\Java\jdk1.7.0_51\jre\lib\endorsed" />
    <property name="sun.cpu.isalist" value="amd64" />
    <property name="sun.jnu.encoding" value="Cp1252" />
    <property name="file.encoding.pkg" value="sun.io" />
    <property name="file.separator" value="\" />
    <property name="java.specification.name" value="Java Platform API Specification" />
    <property name="java.class.version" value="51.0" />
    <property name="user.country" value="CH" />
    <property name="bin.jar.dir" value="C:\Users\benjamin\git\Grisu118\DS-found-enemy\DS-Found-Enemy/bin/jar" />
    <property name="java.home" value="C:\Program Files\Java\jdk1.7.0_51\jre" />
    <property name="java.vm.info" value="mixed mode" />
    <property name="ant.file" value="C:\Users\benjamin\git\Grisu118\DS-found-enemy\DS-Found-Enemy\build\build.xml" />
    <property name="os.version" value="6.1" />
    <property name="log.jacoco.dir" value="C:\Users\benjamin\git\Grisu118\DS-found-enemy\DS-Found-Enemy/log/report/jacoco" />
    <property name="build.lib.dir" value="C:\Users\benjamin\git\Grisu118\DS-found-enemy\DS-Found-Enemy/build/lib" />
    <property name="path.separator" value=";" />
    <property name="java.vm.version" value="24.51-b03" />
    <property name="user.variant" value="" />
    <property name="ant.library.dir" value="C:\Program Files\eclipse-privat\plugins\org.apache.ant_1.8.4.v201303080030\lib" />
    <property name="java.awt.printerjob" value="sun.awt.windows.WPrinterJob" />
    <property name="sun.io.unicode.encoding" value="UnicodeLittle" />
    <property name="awt.toolkit" value="sun.awt.windows.WToolkit" />
    <property name="_jacoco.agentFile" value="C:\Users\benjamin\AppData\Local\Temp\jacocoagent132932872072281474.jar" />
    <property name="user.script" value="" />
    <property name="main.class" value="ch.grisu118.diestaemme.foundenemy.business.Main_DSFoundEnemy" />
    <property name="user.home" value="C:\Users\benjamin" />
    <property name="java.specification.vendor" value="Oracle Corporation" />
    <property name="test.dir" value="C:\Users\benjamin\git\Grisu118\DS-found-enemy\DS-Found-Enemy/src/test" />
    <property name="java.library.path" value="C:\Program Files\Java\jdk1.7.0_51\jre\bin;C:\Windows\Sun\Java\bin;C:\Windows\system32;C:\Windows;C:\Program Files (x86)\Intel\iCLS Client\;C:\Program Files\Intel\iCLS Client\;C:\Windows\system32;C:\Windows;C:\Windows\System32\Wbem;C:\Windows\System32\WindowsPowerShell\v1.0\;C:\Program Files\Intel\Intel(R) Management Engine Components\DAL;C:\Program Files\Intel\Intel(R) Management Engine Components\IPT;C:\Program Files (x86)\Intel\Intel(R) Management Engine Components\DAL;C:\Program Files (x86)\Intel\Intel(R) Management Engine Components\IPT;C:\Program Files (x86)\Common Files\Lenovo;C:\Program Files (x86)\MATLAB\R2013a Student\bin;C:\Program Files\TortoiseSVN\bin;C:\Program Files (x86)\apache-ant-1.9.3\bin;C:\Program Files\Java\jdk1.8.0\bin;C:\Program Files (x86)\Autodesk\Backburner\;C:\Program Files (x86)\Lenovo\Access Connections\;C:\Program Files\Intel\WiFi\bin\;C:\Program Files\Common Files\Intel\WirelessCommon\;." />
    <property name="name" value="DS-Found-Enemy" />
    <property name="java.vendor.url" value="http://java.oracle.com/" />
    <property name="bin.dir" value="C:\Users\benjamin\git\Grisu118\DS-found-enemy\DS-Found-Enemy/bin" />
    <property name="java.vm.vendor" value="Oracle Corporation" />
    <property name="java.runtime.name" value="Java(TM) SE Runtime Environment" />
    <property name="sun.java.command" value="org.apache.tools.ant.taskdefs.optional.junit.JUnitTestRunner ch.grisu118.diestaemme.foundenemy.business.IO.InputParserTest filtertrace=true haltOnError=true haltOnFailure=true formatter=org.apache.tools.ant.taskdefs.optional.junit.SummaryJUnitResultFormatter showoutput=false outputtoformatters=true logfailedtests=true logtestlistenerevents=false formatter=org.apache.tools.ant.taskdefs.optional.junit.PlainJUnitResultFormatter,C:\Users\benjamin\git\Grisu118\DS-found-enemy\DS-Found-Enemy\log\report\test\TEST-ch.grisu118.diestaemme.foundenemy.business.IO.InputParserTest.txt formatter=org.apache.tools.ant.taskdefs.optional.junit.XMLJUnitResultFormatter,C:\Users\benjamin\git\Grisu118\DS-found-enemy\DS-Found-Enemy\log\report\test\TEST-ch.grisu118.diestaemme.foundenemy.business.IO.InputParserTest.xml crashfile=C:\Users\benjamin\git\Grisu118\DS-found-enemy\DS-Found-Enemy\junitvmwatcher1575438107271473862.properties propsfile=C:\Users\benjamin\git\Grisu118\DS-found-enemy\DS-Found-Enemy\junit1733743657954797946.properties" />
    <property name="java.class.path" value="C:\Users\benjamin\git\Grisu118\DS-found-enemy\DS-Found-Enemy\build\lib\checkstyle-5.5-all.zip;C:\Users\benjamin\git\Grisu118\DS-found-enemy\DS-Found-Enemy\build\lib\jacocoant.zip;C:\Users\benjamin\git\Grisu118\DS-found-enemy\DS-Found-Enemy\build\lib\junit-4.1.zip;C:\Users\benjamin\git\Grisu118\DS-found-enemy\DS-Found-Enemy\bin\classes;C:\Program Files\eclipse-privat\plugins\org.apache.ant_1.8.4.v201303080030\lib\ant-launcher.jar;C:\Program Files\eclipse-privat\plugins\org.apache.ant_1.8.4.v201303080030\lib\ant.jar;C:\Program Files\eclipse-privat\plugins\org.apache.ant_1.8.4.v201303080030\lib\ant-junit.jar;C:\Program Files\eclipse-privat\plugins\org.apache.ant_1.8.4.v201303080030\lib\ant-junit4.jar;C:\Users\benjamin\AppData\Local\Temp\jacocoagent132932872072281474.jar" />
    <property name="ant.version" value="Apache Ant(TM) version 1.8.4 compiled on May 22 2012" />
    <property name="java.vm.specification.name" value="Java Virtual Machine Specification" />
    <property name="java.vm.specification.version" value="1.7" />
    <property name="sun.cpu.endian" value="little" />
    <property name="sun.os.patch.level" value="Service Pack 1" />
    <property name="java.io.tmpdir" value="C:\Users\benjamin\AppData\Local\Temp\" />
    <property name="java.vendor.url.bug" value="http://bugreport.sun.com/bugreport/" />
    <property name="launch4j.dir.server" value="/var/launch4j" />
    <property name="java.awt.graphicsenv" value="sun.awt.Win32GraphicsEnvironment" />
    <property name="os.arch" value="amd64" />
    <property name="java.ext.dirs" value="C:\Program Files\Java\jdk1.7.0_51\jre\lib\ext;C:\Windows\Sun\Java\lib\ext" />
    <property name="user.dir" value="C:\Users\benjamin\git\Grisu118\DS-found-enemy\DS-Found-Enemy\build" />
    <property name="line.separator" value="&#xd;&#xa;" />
    <property name="java.vm.name" value="Java HotSpot(TM) 64-Bit Server VM" />
    <property name="basedir" value="C:\Users\benjamin\git\Grisu118\DS-found-enemy\DS-Found-Enemy" />
    <property name="doc.api.dir" value="C:\Users\benjamin\git\Grisu118\DS-found-enemy\DS-Found-Enemy/doc/api" />
    <property name="ant.java.version" value="1.7" />
    <property name="log.report.checkstyle.dir" value="C:\Users\benjamin\git\Grisu118\DS-found-enemy\DS-Found-Enemy/log/report/checkstyle" />
    <property name="ant.core.lib" value="C:\Program Files\eclipse-privat\plugins\org.apache.ant_1.8.4.v201303080030\lib\ant.jar" />
    <property name="file.encoding" value="Cp1252" />
    <property name="log.report.dir" value="C:\Users\benjamin\git\Grisu118\DS-found-enemy\DS-Found-Enemy/log/report" />
    <property name="java.specification.version" value="1.7" />
    <property name="ant.file.DS Found Enemy" value="C:\Users\benjamin\git\Grisu118\DS-found-enemy\DS-Found-Enemy\build\build.xml" />
    <property name="src.dir" value="C:\Users\benjamin\git\Grisu118\DS-found-enemy\DS-Found-Enemy/src/prod" />
    <property name="ant.project.invoked-targets" value="junit" />
  </properties>
  <testcase classname="ch.grisu118.diestaemme.foundenemy.business.IO.InputParserTest" name="testReader" time="0.014" />
  <system-out><![CDATA[]]></system-out>
  <system-err><![CDATA[]]></system-err>
</testsuite>
